2022-12-16 11:08:58.841 +05:30 [ERR] Value cannot be null. (Parameter 'entity')
System.ArgumentNullException: Value cannot be null. (Parameter 'entity')
   at Microsoft.EntityFrameworkCore.Utilities.Check.NotNull[T](T value, String parameterName)
   at Microsoft.EntityFrameworkCore.Internal.InternalDbSet`1.Remove(TEntity entity)
   at SuperMarket.Data.Employees.Repository.MasterSalaryManagement.DeleteSalary(Int32 employee_id, Int32 salary_component_id) in C:\Users\muhammed.irshad\Desktop\.NET\SuperMarket\SuperMarket.Data.Employees\Repository\MasterSalaryManagement.cs:line 64
   at SuperMarket.Service.Employees.Services.MasterSalaryService.DeleteSalary(Int32 empId, Int32 compId) in C:\Users\muhammed.irshad\Desktop\.NET\SuperMarket\SuperMarket.Service.Employees\Services\MasterSalaryService.cs:line 38
   at SuperMarket.Api.Employees.Controllers.SalaryController.DeleteSalaryComp(Int32 EmpId, Int32 CompId) in C:\Users\muhammed.irshad\Desktop\.NET\SuperMarket\SuperMarket.Api.Employees\Controllers\SalaryController.cs:line 74
   at lambda_method169(Closure , Object , Object[] )
   at Microsoft.AspNetCore.Mvc.Infrastructure.ActionMethodExecutor.SyncActionResultExecutor.Execute(IActionResultTypeMapper mapper, ObjectMethodExecutor executor, Object controller, Object[] arguments)
   at Microsoft.AspNetCore.Mvc.Infrastructure.ControllerActionInvoker.InvokeActionMethodAsync()
   at Microsoft.AspNetCore.Mvc.Infrastructure.ControllerActionInvoker.Next(State& next, Scope& scope, Object& state, Boolean& isCompleted)
   at Microsoft.AspNetCore.Mvc.Infrastructure.ControllerActionInvoker.InvokeNextActionFilterAsync()
--- End of stack trace from previous location ---
   at Microsoft.AspNetCore.Mvc.Infrastructure.ControllerActionInvoker.Rethrow(ActionExecutedContextSealed context)
   at Microsoft.AspNetCore.Mvc.Infrastructure.ControllerActionInvoker.Next(State& next, Scope& scope, Object& state, Boolean& isCompleted)
   at Microsoft.AspNetCore.Mvc.Infrastructure.ControllerActionInvoker.InvokeInnerFilterAsync()
--- End of stack trace from previous location ---
   at Microsoft.AspNetCore.Mvc.Infrastructure.ResourceInvoker.<InvokeFilterPipelineAsync>g__Awaited|20_0(ResourceInvoker invoker, Task lastTask, State next, Scope scope, Object state, Boolean isCompleted)
   at Microsoft.AspNetCore.Mvc.Infrastructure.ResourceInvoker.<InvokeAsync>g__Awaited|17_0(ResourceInvoker invoker, Task task, IDisposable scope)
   at Microsoft.AspNetCore.Mvc.Infrastructure.ResourceInvoker.<InvokeAsync>g__Awaited|17_0(ResourceInvoker invoker, Task task, IDisposable scope)
   at Microsoft.AspNetCore.Routing.EndpointMiddleware.<Invoke>g__AwaitRequestTask|6_0(Endpoint endpoint, Task requestTask, ILogger logger)
   at Microsoft.AspNetCore.Authorization.AuthorizationMiddleware.Invoke(HttpContext context)
   at SuperMarket.Api.Employees.Middleware.SuperMarketExceptionMiddleware.InvokeAsync(HttpContext context, RequestDelegate next) in C:\Users\muhammed.irshad\Desktop\.NET\SuperMarket\SuperMarket.Api.Employees\Middleware\SuperMarketExceptionMiddleware.cs:line 38
2022-12-16 11:20:22.867 +05:30 [ERR] Value cannot be null. (Parameter 'entity')
System.ArgumentNullException: Value cannot be null. (Parameter 'entity')
   at Microsoft.EntityFrameworkCore.Utilities.Check.NotNull[T](T value, String parameterName)
   at Microsoft.EntityFrameworkCore.Internal.InternalDbSet`1.Remove(TEntity entity)
   at SuperMarket.Api.Employees.Repository.EmployeeManagement.DeleteEmployee(Int32 id) in C:\Users\muhammed.irshad\Desktop\.NET\SuperMarket\SuperMarket.Data.Employees\Repository\EmployeeManagement.cs:line 41
   at SuperMarket.Service.Employees.Services.EmployeeService.DeleteEmployeeService(Int32 id) in C:\Users\muhammed.irshad\Desktop\.NET\SuperMarket\SuperMarket.Service.Employees\Services\EmployeeService.cs:line 83
   at SuperMarket.Api.Employees.Controllers.EmployeeController.DeleteEmployee(Int32 id) in C:\Users\muhammed.irshad\Desktop\.NET\SuperMarket\SuperMarket.Api.Employees\Controllers\EmployeeController.cs:line 78
   at lambda_method267(Closure , Object , Object[] )
   at Microsoft.AspNetCore.Mvc.Infrastructure.ActionMethodExecutor.SyncActionResultExecutor.Execute(IActionResultTypeMapper mapper, ObjectMethodExecutor executor, Object controller, Object[] arguments)
   at Microsoft.AspNetCore.Mvc.Infrastructure.ControllerActionInvoker.InvokeActionMethodAsync()
   at Microsoft.AspNetCore.Mvc.Infrastructure.ControllerActionInvoker.Next(State& next, Scope& scope, Object& state, Boolean& isCompleted)
   at Microsoft.AspNetCore.Mvc.Infrastructure.ControllerActionInvoker.InvokeNextActionFilterAsync()
--- End of stack trace from previous location ---
   at Microsoft.AspNetCore.Mvc.Infrastructure.ControllerActionInvoker.Rethrow(ActionExecutedContextSealed context)
   at Microsoft.AspNetCore.Mvc.Infrastructure.ControllerActionInvoker.Next(State& next, Scope& scope, Object& state, Boolean& isCompleted)
   at Microsoft.AspNetCore.Mvc.Infrastructure.ControllerActionInvoker.InvokeInnerFilterAsync()
--- End of stack trace from previous location ---
   at Microsoft.AspNetCore.Mvc.Infrastructure.ResourceInvoker.<InvokeFilterPipelineAsync>g__Awaited|20_0(ResourceInvoker invoker, Task lastTask, State next, Scope scope, Object state, Boolean isCompleted)
   at Microsoft.AspNetCore.Mvc.Infrastructure.ResourceInvoker.<InvokeAsync>g__Awaited|17_0(ResourceInvoker invoker, Task task, IDisposable scope)
   at Microsoft.AspNetCore.Mvc.Infrastructure.ResourceInvoker.<InvokeAsync>g__Awaited|17_0(ResourceInvoker invoker, Task task, IDisposable scope)
   at Microsoft.AspNetCore.Routing.EndpointMiddleware.<Invoke>g__AwaitRequestTask|6_0(Endpoint endpoint, Task requestTask, ILogger logger)
   at Microsoft.AspNetCore.Authorization.AuthorizationMiddleware.Invoke(HttpContext context)
   at SuperMarket.Api.Employees.Middleware.SuperMarketExceptionMiddleware.InvokeAsync(HttpContext context, RequestDelegate next) in C:\Users\muhammed.irshad\Desktop\.NET\SuperMarket\SuperMarket.Api.Employees\Middleware\SuperMarketExceptionMiddleware.cs:line 38
